     1        0096      SEG_ON EQU P1.6
     2                  
     3        FF30      F_CSDS EQU 0FF30H
     4        FF38      F_CSDB EQU 0FF38H
     5                  
     6        0009      DISPLAY EQU 00001001B
     7        005B      COD EQU 01011011B 
     8                  
     9                  	
    10                  	
    11  0000: 02 01 00  	LJMP START
    12  0100:           	ORG 100H
    13                  
    14  0100:           START:
    15  0100: 90 FF 30  	MOV DPTR,#0FF30H
    16                  	
    17  0103: 74 09     	MOV A,#DISPLAY
    18  0105: F0        	MOVX @DPTR,A
    19                  	
    20  0106: 90 FF 38  	MOV DPTR,#0FF38H
    21                  	
    22  0109: 74 5B     	MOV A,#COD
    23  010B: F0        	MOVX @DPTR,A
    24                  	
    25  010C: C2 96     	CLR SEG_ON
    26                  	
