     1  0000: 02 01 00  	LJMP START
     2  0100:           	ORG 100H
     3                  		
     4  0100:           START:
     5                  	
     6  0100: 12 81 0C  	LCALL LCD_CLR
     7                  	
     8  0103: 12 81 1C  	LCALL WAIT_KEY
     9  0106: F8        	MOV R0,A
    10  0107: 12 01 2D  	LCALL BCD
    11  010A: 12 81 04  	LCALL WRITE_HEX	
    12                  	
    13  010D: 74 2A     	MOV A,#'*'
    14  010F: 12 81 02  	LCALL WRITE_DATA
    15                  		
    16  0112: 12 81 1C  	LCALL WAIT_KEY
    17  0115: F9        	MOV R1,A
    18  0116: 12 01 2D  	LCALL BCD
    19  0119: 12 81 04  	LCALL WRITE_HEX
    20                  		
    21  011C: 74 3D     	MOV A,#'='
    22  011E: 12 81 02  	LCALL WRITE_DATA
    23                  	
    24  0121: 18        	DEC R0
    25                  	
    26  0122:           AGAIN:	
    27  0122: 29        	ADD A,R1 
    28                  	
    29  0123: D8 FD     	DJNZ R0, AGAIN       
    30                  	
    31  0125: 12 01 2D  	LCALL BCD
    32  0128: 12 81 04  	LCALL WRITE_HEX
    33                  
    34                  
    35  012B: 80 FE     	SJMP $
    36                  
    37  012D:           BCD:
    38  012D: 75 F0 0A  	MOV B,#10
    39                  	
    40  0130: 84        	DIV AB
    41  0131: C4        	SWAP A
    42  0132: 25 F0     	ADD A,B
    43                  	
    44  0134: 22        	RET	
    45  0135:           NEG:
    46  0135: F4        	CPL A
    47  0136: 04        	INC A
    48                  	
