     1  0000: 02 01 00  		LJMP START
     2  0100:           		ORG 100H
     3                  
     4  0100:           START:
     5  0100: 12 81 0C  	LCALL LCD_CLR
     6                  	
     7                  	
     8  0103: 12 81 1C      LCALL WAIT_KEY
     9  0106: F8        	MOV R0,A
    10  0107: 12 01 28  	LCALL BCD
    11  010A: 12 81 04  	LCALL WRITE_HEX	
    12                  	
    13  010D: 74 2D     	MOV A,#'-'
    14  010F: 12 81 02  	LCALL WRITE_DATA
    15                  	
    16  0112: 12 81 1C  	LCALL WAIT_KEY
    17  0115: F9        	MOV R1,A
    18  0116: 12 01 30  	LCALL NEG
    19  0119: 12 81 04  	LCALL WRITE_HEX
    20                  	
    21  011C: 74 3D     	MOV A,#'='
    22  011E: 12 81 02  	LCALL WRITE_DATA
    23                  	
    24  0121: E8        	MOV A,R0
    25  0122: 29        	ADD A,R1
    26  0123: 12 81 04  	LCALL WRITE_HEX
    27                  	
    28                  	
    29                  
    30                  
    31  0126: 80 FE     	SJMP $
    32  0128:           BCD:
    33  0128: 75 F0 0A  	MOV B,#10
    34                  	
    35  012B: 84        	DIV AB
    36  012C: C4        	SWAP A
    37  012D: 25 F0     	ADD A,B
    38                  	
    39  012F: 22        	RET
    40                  	
    41  0130:           NEG:
    42  0130: F4        	CPL A
    43  0131: 04        	INC A
    44                  	
    45  0132: 22        	RET
    46                  	
    47  0133: 22        	RET
    48  0134: 00        	NOP
    49                  	
    50                  	
    51                  	
    52                  	
    53                  	
    54                  	
    55                  	
