     1        0096      SEG_ON EQU P1.6
     2        FF30      F_CSDS EQU 0FF30H
     3        FF38      F_CSDB EQU 0FF38H
     4                  
     5        0001      DISPLAY1 EQU 00000001B
     6        0002      DISPLAY2 EQU 00000010B
     7                  
     8  0000: 02 01 00  	LJMP START
     9  0100:           	ORG 100H
    10  0100:           START:
    11  0100: 75 30 3F  	MOV 30H,#00111111B
    12  0103: 75 31 06  	MOV 31H,#00000110B
    13  0106: 75 32 5B  	MOV 32H,#01011011B
    14  0109: 75 33 4F  	MOV 33H,#01001111B
    15  010C: 75 34 66  	MOV 34H,#01100110B
    16  010F: 75 35 6D  	MOV 35H,#01101101B
    17  0112: 75 36 7D  	MOV 36H,#01111101B
    18  0115: 75 37 07  	MOV 37H,#00000111B
    19  0118: 75 38 7F  	MOV 38H,#01111111B
    20  011B: 75 39 6F  	MOV 39H,#01101111B
    21                  	
    22  011E: 75 20 3F  	MOV 20H,#00111111B
    23  0121: 75 21 06  	MOV 21H,#00000110B
    24  0124: 75 22 5B  	MOV 22H,#01011011B
    25  0127: 75 23 4F  	MOV 23H,#01001111B
    26  012A: 75 24 66  	MOV 24H,#01100110B
    27  012D: 75 25 6D  	MOV 25H,#01101101B
    28  0130: 75 26 7D  	MOV 26H,#01111101B
    29  0133: 75 27 07  	MOV 27H,#00000111B
    30  0136: 75 28 7F  	MOV 28H,#01111111B
    31  0139: 75 29 6F  	MOV 29H,#01101111B	
    32                  	
    33                  	
    34                  	
    35                  	
    36                  
    37  013C: 75 8C 4C  	MOV TH0,#76
    38  013F: 75 8A 00  	MOV TL0,#0
    39  0142: 75 89 01  	MOV TMOD,#00000001B
    40  0145: D2 8C     	SETB TR0
    41  0147: 79 30     	MOV R1,#30H
    42  0149: 78 20     	MOV R0,#20H
    43  014B: 7A 14     	MOV R2,#20
    44  014D: 7B 0A     	MOV R3,#10
    45  014F: D2 96     	SETB SEG_ON	
    46                  	
    47                  		
    48  0151:           DONGU2:	
    49                  
    50  0151: 90 FF 30  		MOV DPTR,#F_CSDS
    51  0154: 74 02     		MOV A,#DISPLAY2
    52  0156: F0        		MOVX @DPTR,A
    53  0157: 90 FF 38  		MOV DPTR,#F_CSDB
    54  015A: E6        		MOV A,@R0
    55  015B: F0        		MOVX @DPTR,A
    56  015C: 74 0A     		MOV A,#10
    57  015E: 12 81 12  		LCALL DELAY_100MS
    58  0161: D2 96     		SETB SEG_ON
    59                  		
    60  0163: 90 FF 30  		MOV DPTR,#F_CSDS
    61  0166: 74 01     		MOV A,#DISPLAY1
    62  0168: F0        		MOVX @DPTR,A
    63  0169: 90 FF 38  		MOV DPTR,#F_CSDB
    64  016C: E7        		MOV A,@R1
    65  016D: F0        		MOVX @DPTR,A
    66  016E: C2 96     		CLR SEG_ON
    67  0170: 74 0A     		MOV A,#10
    68  0172: 12 81 12  		LCALL DELAY_100MS
    69  0175: D2 96     		SETB SEG_ON
    70                  		
    71  0177: 30 8D D7  		JNB TF0,DONGU2
    72  017A: C2 8D     		CLR TF0
    73  017C: 75 8C 4C  		MOV TH0,#76
    74  017F: 75 8A 00  		MOV TL0,#0
    75  0182: 09        		INC R1
    76  0183: 1A        		DEC R2
    77  0184: EA        		MOV A,R2
    78  0185: 70 CA     		JNZ DONGU2
    79                  		
    80                  		
    81                  
    82                  
    83                  		
    84                  		
    85  0187: 80 FE     		SJMP $
    86  0189: 00        		NOP
    87                  		
    88                  		
    89                  		
