     1  0000: 02 01 00  	LJMP START
     2  0100:           	ORG 100H
     3  0100:           START:
     4  0100: 12 81 0C  	LCALL LCD_CLR
     5  0103: 7F 00     	MOV R7,#0
     6  0105: EF        	MOV A,R7
     7  0106: 12 81 04  	LCALL WRITE_HEX
     8                  	
     9  0109: 74 0A     	MOV A,#10
    10  010B: 12 81 12  	LCALL DELAY_100MS
    11                  	
    12  010E: 12 81 0C  	LCALL LCD_CLR
    13  0111: D2 D3     	SETB RS0
    14  0113: 7F 01     	MOV R7,#1
    15  0115: EF        	MOV A,R7
    16  0116: 12 81 04  	LCALL WRITE_HEX
    17                  	
    18  0119: 74 0A     		MOV A,#10
    19  011B: 12 81 12  	LCALL DELAY_100MS
    20                  	
    21  011E: 12 81 0C  	LCALL LCD_CLR
    22  0121: D2 D4     	SETB RS1
    23  0123: C2 D3     	CLR RS0
    24  0125: 7F 02     	MOV R7,#2
    25  0127: EF        	MOV A,R7
    26  0128: 12 81 04  	LCALL WRITE_HEX
    27                  	
    28  012B: 74 0A     		MOV A,#10
    29  012D: 12 81 12  	LCALL DELAY_100MS
    30                  
    31  0130: 12 81 0C  	LCALL LCD_CLR
    32  0133: C2 D3     	CLR RS0
    33  0135: 7F 03     	MOV R7,#3
    34  0137: EF        	MOV A,R7
    35  0138: 12 81 04  	LCALL WRITE_HEX
    36                  	
    37  013B: 74 0A     		MOV A,#10
    38  013D: 12 81 12  	LCALL DELAY_100MS
    39  0140: 02 01 00  	LJMP START
    40  0143: 22        	RET	
    41  0144: 00        	NOP
    42                  		
    43                  	
    44                  	
    45                  	
    46                  	
    47                  	
    48                  	
    49                  	
    50                  	
    51                  	
    52                  	
    53                  	
    54                  	
    55                  	
    56                  	
    57                  	
    58                  	
    59                  	
    60                  	
    61                  	
    62                  	
    63                  	
    64                  	
    65                  	
    66                  	
    67                  	
    68                  	
    69                  	
    70                  	
    71                  	
    72                  	
    73                  	
    74                  	
    75                  	
    76                  	
    77                  	
    78                  	
    79                  	
    80                  	
    81                  	
    82                  	
    83                  	
