     1                  LJMP START
***** B£¥D 2 : NIEZNANY MNEMONIK *****
     2  0100:           	ORG 100H
     3  0100:           START:
     4                  	LLCALL LCD_CLR
***** B£¥D 2 : NIEZNANY MNEMONIK *****
     5  0100: 7F 00     	MOV R7,#0
     6  0102: 12 81 04  	LCALL WRITE_HEX
     7                  	
     8  0105: 74 0A     	MOV A,#10
     9  0107: 12 81 12  	LCALL DELAY_100MS
    10                  	
    11                  	LLCALL LCD_CLR
***** B£¥D 2 : NIEZNANY MNEMONIK *****
    12  010A: D2 D3     	SETB RS0
    13  010C: 7F 01     	MOV R7,#1
    14  010E: 12 81 04  	LCALL WRITE_HEX
    15                  	
    16  0111: D2 D4     	SETB RS1
    17  0113: C2 D3     	CLR RS0
    18  0115: 7F 02     	MOV R7,#2
    19                  
    20  0117: C2 D3     	CLR RS0
    21  0119: 7F 03     	MOV R7,#3
    22  011B: 02 01 00  	LJMP	START	
