     1  0000: 02 01 00  	LJMP START
     2  0100:           	ORG 100H
     3                  
     4  0100:           START:
     5  0100: 12 81 0C  	LCALL LCD_CLR
     6                  		
     7  0103: 12 81 1C  	LCALL WAIT_KEY
     8  0106: F8        	MOV R0,A
     9  0107: 12 01 2B  	LCALL BCD
    10  010A: 12 81 04  	LCALL WRITE_HEX
    11                  	
    12  010D: 74 2B     	MOV A,#'+'
    13  010F: 12 81 02  	LCALL WRITE_DATA
    14                  	
    15  0112: 12 81 1C  	LCALL WAIT_KEY
    16  0115: F9        	MOV R1,A
    17  0116: 12 01 2B  	LCALL BCD
    18  0119: 12 81 04  	LCALL WRITE_HEX
    19                  	
    20  011C: 74 3D     	MOV A,#'='
    21  011E: 12 81 02  	LCALL WRITE_DATA
    22                  	
    23  0121: E8        	MOV A,R0
    24  0122: 29        	ADD A,R1
    25  0123: 12 01 2B  	LCALL BCD
    26  0126: 12 81 04  	LCALL WRITE_HEX
    27                  	
    28                  	
    29                  	
    30  0129: 80 FE     	SJMP $
    31                  	
    32  012B:           BCD:
    33  012B: 75 F0 0A  	MOV B,#10
    34                  	
    35  012E: 84        	DIV AB
    36  012F: C4        	SWAP A
    37  0130: 25 F0     	ADD A,B
    38                  	
    39                  	
    40  0132: 22        	RET
    41                  	
    42                  	
    43  0133: 00        	NOP
    44                  	
