     1        0096      SEG_ON EQU P1.6
     2        FF30      F_CSDS EQU 0FF30H
     3        FF38      F_CSDB EQU 0FF38H
     4                  
     5        0001      DISPLAY1 EQU 00000001B
     6        0002      DISPLAY2 EQU 00000010B
     7                  
     8  0000: 02 01 00  	LJMP START
     9  0100:           	ORG 100H
    10  0100:           START:
    11  0100: 75 30 3F  	MOV 30H,#00111111B
    12  0103: 75 31 06  	MOV 31H,#00000110B
    13  0106: 75 32 5B  	MOV 32H,#01011011B
    14  0109: 75 33 4F  	MOV 33H,#01001111B
    15  010C: 75 34 66  	MOV 34H,#01100110B
    16  010F: 75 35 6D  	MOV 35H,#01101101B
    17  0112: 75 36 7D  	MOV 36H,#01111101B
    18  0115: 75 37 07  	MOV 37H,#00000111B
    19  0118: 75 38 7F  	MOV 38H,#01111111B
    20  011B: 75 39 6F  	MOV 39H,#01101111B
    21                  	
    22  011E: 75 20 3F  	MOV 20H,#00111111B
    23  0121: 75 21 06  	MOV 21H,#00000110B
    24  0124: 75 22 5B  	MOV 22H,#01011011B
    25  0127: 75 23 4F  	MOV 23H,#01001111B
    26  012A: 75 24 66  	MOV 24H,#01100110B
    27  012D: 75 25 6D  	MOV 25H,#01101101B
    28  0130: 75 26 7D  	MOV 26H,#01111101B
    29  0133: 75 27 07  	MOV 27H,#00000111B
    30  0136: 75 28 7F  	MOV 28H,#01111111B
    31  0139: 75 29 6F  	MOV 29H,#01101111B
    32                  	
    33                  
    34                  	
    35  013C:           START2:
    36  013C: 75 8C 4C  		MOV TH0,#76
    37  013F: 75 8A 00  		MOV TL0,#0
    38  0142: 75 89 01  		MOV TMOD,#00000001B
    39  0145: D2 8C     		SETB TR0
    40  0147: 79 30     		MOV R1,#30H
    41  0149: 7A 0A     		MOV R2,#10
    42  014B: 78 20     		MOV R0,#20H
    43  014D: 7C 0A     		MOV R4,#10
    44  014F: 7D 14     		MOV R5,#20
    45  0151: D2 96     		SETB SEG_ON
    46                  		
    47                  
    48                  		
    49  0153:           DONGU2:	
    50  0153: 90 FF 30  		MOV DPTR,#F_CSDS
    51  0156: 74 02     		MOV A,#DISPLAY2
    52  0158: F0        		MOVX @DPTR,A
    53  0159: 90 FF 38  		MOV DPTR,#F_CSDB
    54  015C: E6        		MOV A,@R0
    55  015D: F0        		MOVX @DPTR,A
    56  015E: C2 96     		CLR SEG_ON
    57  0160: 74 01     		MOV A,#1
    58  0162: 12 81 10  		LCALL DELAY_MS
    59  0165: D2 96     		SETB SEG_ON
    60                  		
    61  0167: 90 FF 30  		MOV DPTR,#F_CSDS
    62  016A: 74 01     		MOV A,#DISPLAY1
    63  016C: F0        		MOVX @DPTR,A
    64  016D: 90 FF 38  		MOV DPTR,#F_CSDB
    65  0170: E7        		MOV A,@R1
    66  0171: F0        		MOVX @DPTR,A
    67  0172: C2 96     		CLR SEG_ON
    68  0174: 74 01     		MOV A,#1
    69  0176: 12 81 10  		LCALL DELAY_MS
    70  0179: D2 96     		SETB SEG_ON
    71                  		
    72  017B: 30 8D D5  		JNB  TF0,DONGU2
    73  017E: C2 8D     		CLR TF0
    74  0180: 75 8C 4C  		MOV TH0,#76
    75  0183: 75 8A 00  		MOV TL0,#0
    76  0186: 1D        		DEC R5
    77  0187: ED        		MOV A,R5
    78  0188: 70 C9     		JNZ DONGU2
    79                  		
    80  018A: 7D 14     		MOV R5,#20
    81  018C: 09        		INC R1
    82  018D: 1A        		DEC R2
    83  018E: EA        		MOV A,R2
    84  018F: 70 C2     		JNZ DONGU2
    85  0191: 08        		INC R0
    86  0192: C2 96     		CLR SEG_ON
    87  0194: D2 96     		SETB SEG_ON
    88  0196: 79 30     		MOV R1,#30H
    89  0198: 7A 0A     		MOV R2,#10
    90                  		
    91                  		
    92  019A: D2 8C     		SETB TR0
    93  019C: 1C        		DEC R4
    94  019D: EC        		MOV A,R4
    95  019E: 70 B3     		JNZ DONGU2
    96  01A0: 7C 0A     		MOV R4,#10
    97                  	    
    98                  		
    99                  
   100  01A2: 02 01 3C  		LJMP START2
   101  01A5: 00        		NOP
   102                  		
   103                  		
   104                  		
